<?xml version="1.0" encoding="UTF-8"?>
<!-- Generated by org.testng.reporters.JUnitReportReporter -->
<testsuite hostname="kiran-PC" name="MailCreateTest" tests="1" failures="0" timestamp="5 Oct 2017 16:45:03 GMT" time="1304.671" errors="0">
  <testcase name="verifySearchButtonTest" time="1304.671" classname="MailCreateTest"/>
</testsuite> <!-- MailCreateTest -->
