<?xml version="1.0" encoding="UTF-8"?>
<!-- Generated by org.testng.reporters.JUnitReportReporter -->
<testsuite skipped="0" hostname="kiran-PC" name="MailCreateTest" tests="1" failures="0" timestamp="05 Oct 2017 02:28:01 GMT" time="132.602" errors="0">
  <testcase name="verifySearchButtonTest" time="132.602" classname="MailCreateTest"/>
</testsuite> <!-- MailCreateTest -->
