<?xml version="1.0" encoding="UTF-8"?>
<!-- Generated by org.testng.reporters.JUnitReportReporter -->
<testsuite skipped="0" hostname="kiran-PC" name="NewTest" tests="2" failures="0" timestamp="04 Oct 2017 09:44:11 GMT" time="0.009" errors="0">
  <testcase name="LoginTest" time="0.006" classname="NewTest"/>
  <testcase name="f" time="0.003" classname="NewTest"/>
</testsuite> <!-- NewTest -->
