<?xml version="1.0" encoding="UTF-8"?>
<!-- Generated by org.testng.reporters.JUnitReportReporter -->
<testsuite hostname="kiran-PC" name="NewTest" tests="2" failures="0" timestamp="4 Oct 2017 09:47:51 GMT" time="0.001" errors="0">
  <testcase name="LoginTest" time="0.001" classname="NewTest"/>
  <testcase name="f" time="0.000" classname="NewTest"/>
</testsuite> <!-- NewTest -->
