<?xml version="1.0" encoding="UTF-8"?>
<!-- Generated by org.testng.reporters.JUnitReportReporter -->
<testsuite hostname="kiran-PC" name="MailCreateTest" tests="1" failures="0" timestamp="5 Oct 2017 02:39:31 GMT" time="130.207" errors="0">
  <testcase name="verifySearchButtonTest" time="130.207" classname="MailCreateTest"/>
</testsuite> <!-- MailCreateTest -->
